1780487889.854262 client started (576592): version 3.4, socket /tmp/tmux-1000/default, protocol 8
1780487889.854273 on Linux 6.8.0-124-generic #124-Ubuntu SMP PREEMPT_DYNAMIC Tue May 26 13:00:45 UTC 2026
1780487889.854276 using libevent 2.1.12-stable poll
1780487889.854277 using ncurses 6.4 20240113
1780487889.854309 flags are 0x18010000
1780487889.854315 socket is /tmp/tmux-1000/default
1780487889.854323 trying connect
1780487889.854356 add peer 0x5e4467a0c370: 6 ((nil))
1780487889.854517 sending message 100 to peer 0x5e4467a0c370 (4 bytes)
1780487889.854524 sending message 111 to peer 0x5e4467a0c370 (8 bytes)
1780487889.854526 sending message 101 to peer 0x5e4467a0c370 (15 bytes)
1780487889.854544 sending message 109 to peer 0x5e4467a0c370 (4 bytes)
1780487889.854546 sending message 102 to peer 0x5e4467a0c370 (11 bytes)
1780487889.854547 sending message 108 to peer 0x5e4467a0c370 (29 bytes)
1780487889.854549 sending message 112 to peer 0x5e4467a0c370 (58 bytes)
1780487889.854550 sending message 112 to peer 0x5e4467a0c370 (5 bytes)
1780487889.854552 sending message 112 to peer 0x5e4467a0c370 (5 bytes)
1780487889.854554 sending message 112 to peer 0x5e4467a0c370 (6 bytes)
1780487889.854555 sending message 112 to peer 0x5e4467a0c370 (6 bytes)
1780487889.854557 sending message 112 to peer 0x5e4467a0c370 (11 bytes)
1780487889.854559 sending message 112 to peer 0x5e4467a0c370 (10 bytes)
1780487889.854560 sending message 112 to peer 0x5e4467a0c370 (13 bytes)
1780487889.854562 sending message 112 to peer 0x5e4467a0c370 (14 bytes)
1780487889.854563 sending message 112 to peer 0x5e4467a0c370 (19 bytes)
1780487889.854565 sending message 112 to peer 0x5e4467a0c370 (11 bytes)
1780487889.854566 sending message 112 to peer 0x5e4467a0c370 (10 bytes)
1780487889.854568 sending message 112 to peer 0x5e4467a0c370 (15 bytes)
1780487889.854569 sending message 112 to peer 0x5e4467a0c370 (21 bytes)
1780487889.854571 sending message 112 to peer 0x5e4467a0c370 (13 bytes)
1780487889.854572 sending message 112 to peer 0x5e4467a0c370 (7 bytes)
1780487889.854574 sending message 112 to peer 0x5e4467a0c370 (13 bytes)
1780487889.854576 sending message 112 to peer 0x5e4467a0c370 (7 bytes)
1780487889.854577 sending message 112 to peer 0x5e4467a0c370 (13 bytes)
1780487889.854579 sending message 112 to peer 0x5e4467a0c370 (9 bytes)
1780487889.854581 sending message 112 to peer 0x5e4467a0c370 (21 bytes)
1780487889.854582 sending message 112 to peer 0x5e4467a0c370 (13 bytes)
1780487889.854584 sending message 112 to peer 0x5e4467a0c370 (9 bytes)
1780487889.854586 sending message 112 to peer 0x5e4467a0c370 (16 bytes)
1780487889.854587 sending message 112 to peer 0x5e4467a0c370 (13 bytes)
1780487889.854588 sending message 112 to peer 0x5e4467a0c370 (9 bytes)
1780487889.854590 sending message 112 to peer 0x5e4467a0c370 (9 bytes)
1780487889.854592 sending message 112 to peer 0x5e4467a0c370 (12 bytes)
1780487889.854593 sending message 112 to peer 0x5e4467a0c370 (8 bytes)
1780487889.854595 sending message 112 to peer 0x5e4467a0c370 (8 bytes)
1780487889.854596 sending message 112 to peer 0x5e4467a0c370 (13 bytes)
1780487889.854598 sending message 112 to peer 0x5e4467a0c370 (7 bytes)
1780487889.854600 sending message 112 to peer 0x5e4467a0c370 (7 bytes)
1780487889.854601 sending message 112 to peer 0x5e4467a0c370 (9 bytes)
1780487889.854603 sending message 112 to peer 0x5e4467a0c370 (9 bytes)
1780487889.854604 sending message 112 to peer 0x5e4467a0c370 (15 bytes)
1780487889.854606 sending message 112 to peer 0x5e4467a0c370 (13 bytes)
1780487889.854608 sending message 112 to peer 0x5e4467a0c370 (12 bytes)
1780487889.854610 sending message 112 to peer 0x5e4467a0c370 (8 bytes)
1780487889.854611 sending message 112 to peer 0x5e4467a0c370 (14 bytes)
1780487889.854613 sending message 112 to peer 0x5e4467a0c370 (11 bytes)
1780487889.854614 sending message 112 to peer 0x5e4467a0c370 (9 bytes)
1780487889.854616 sending message 112 to peer 0x5e4467a0c370 (10 bytes)
1780487889.854617 sending message 112 to peer 0x5e4467a0c370 (10 bytes)
1780487889.854619 sending message 112 to peer 0x5e4467a0c370 (10 bytes)
1780487889.854626 sending message 112 to peer 0x5e4467a0c370 (10 bytes)
1780487889.854628 sending message 112 to peer 0x5e4467a0c370 (11 bytes)
1780487889.854629 sending message 112 to peer 0x5e4467a0c370 (12 bytes)
1780487889.854631 sending message 112 to peer 0x5e4467a0c370 (12 bytes)
1780487889.854632 sending message 112 to peer 0x5e4467a0c370 (12 bytes)
1780487889.854634 sending message 112 to peer 0x5e4467a0c370 (12 bytes)
1780487889.854636 sending message 112 to peer 0x5e4467a0c370 (12 bytes)
1780487889.854637 sending message 112 to peer 0x5e4467a0c370 (11 bytes)
1780487889.854639 sending message 112 to peer 0x5e4467a0c370 (11 bytes)
1780487889.854641 sending message 112 to peer 0x5e4467a0c370 (12 bytes)
1780487889.854642 sending message 112 to peer 0x5e4467a0c370 (12 bytes)
1780487889.854644 sending message 112 to peer 0x5e4467a0c370 (12 bytes)
1780487889.854645 sending message 112 to peer 0x5e4467a0c370 (12 bytes)
1780487889.854647 sending message 112 to peer 0x5e4467a0c370 (12 bytes)
1780487889.854649 sending message 112 to peer 0x5e4467a0c370 (9 bytes)
1780487889.854650 sending message 112 to peer 0x5e4467a0c370 (12 bytes)
1780487889.854652 sending message 112 to peer 0x5e4467a0c370 (13 bytes)
1780487889.854653 sending message 112 to peer 0x5e4467a0c370 (13 bytes)
1780487889.854655 sending message 112 to peer 0x5e4467a0c370 (13 bytes)
1780487889.854656 sending message 112 to peer 0x5e4467a0c370 (13 bytes)
1780487889.854658 sending message 112 to peer 0x5e4467a0c370 (13 bytes)
1780487889.854660 sending message 112 to peer 0x5e4467a0c370 (8 bytes)
1780487889.854661 sending message 112 to peer 0x5e4467a0c370 (11 bytes)
1780487889.854663 sending message 112 to peer 0x5e4467a0c370 (11 bytes)
1780487889.854664 sending message 112 to peer 0x5e4467a0c370 (11 bytes)
1780487889.854666 sending message 112 to peer 0x5e4467a0c370 (12 bytes)
1780487889.854686 sending message 112 to peer 0x5e4467a0c370 (12 bytes)
1780487889.854688 sending message 112 to peer 0x5e4467a0c370 (12 bytes)
1780487889.854689 sending message 112 to peer 0x5e4467a0c370 (12 bytes)
1780487889.854691 sending message 112 to peer 0x5e4467a0c370 (13 bytes)
1780487889.854693 sending message 112 to peer 0x5e4467a0c370 (13 bytes)
1780487889.854711 sending message 112 to peer 0x5e4467a0c370 (13 bytes)
1780487889.854713 sending message 112 to peer 0x5e4467a0c370 (8 bytes)
1780487889.854715 sending message 112 to peer 0x5e4467a0c370 (13 bytes)
1780487889.854716 sending message 112 to peer 0x5e4467a0c370 (13 bytes)
1780487889.854718 sending message 112 to peer 0x5e4467a0c370 (13 bytes)
1780487889.854719 sending message 112 to peer 0x5e4467a0c370 (13 bytes)
1780487889.854721 sending message 112 to peer 0x5e4467a0c370 (13 bytes)
1780487889.854723 sending message 112 to peer 0x5e4467a0c370 (12 bytes)
1780487889.854724 sending message 112 to peer 0x5e4467a0c370 (12 bytes)
1780487889.854726 sending message 112 to peer 0x5e4467a0c370 (12 bytes)
1780487889.854728 sending message 112 to peer 0x5e4467a0c370 (12 bytes)
1780487889.854729 sending message 112 to peer 0x5e4467a0c370 (13 bytes)
1780487889.854731 sending message 112 to peer 0x5e4467a0c370 (8 bytes)
1780487889.854732 sending message 112 to peer 0x5e4467a0c370 (13 bytes)
1780487889.854734 sending message 112 to peer 0x5e4467a0c370 (13 bytes)
1780487889.854736 sending message 112 to peer 0x5e4467a0c370 (13 bytes)
1780487889.854737 sending message 112 to peer 0x5e4467a0c370 (13 bytes)
1780487889.854739 sending message 112 to peer 0x5e4467a0c370 (13 bytes)
1780487889.854740 sending message 112 to peer 0x5e4467a0c370 (13 bytes)
1780487889.854742 sending message 112 to peer 0x5e4467a0c370 (13 bytes)
1780487889.854743 sending message 112 to peer 0x5e4467a0c370 (12 bytes)
1780487889.854745 sending message 112 to peer 0x5e4467a0c370 (12 bytes)
1780487889.854746 sending message 112 to peer 0x5e4467a0c370 (12 bytes)
1780487889.854748 sending message 112 to peer 0x5e4467a0c370 (8 bytes)
1780487889.854750 sending message 112 to peer 0x5e4467a0c370 (12 bytes)
1780487889.854751 sending message 112 to peer 0x5e4467a0c370 (13 bytes)
1780487889.854756 sending message 112 to peer 0x5e4467a0c370 (13 bytes)
1780487889.854758 sending message 112 to peer 0x5e4467a0c370 (13 bytes)
1780487889.854759 sending message 112 to peer 0x5e4467a0c370 (13 bytes)
1780487889.854761 sending message 112 to peer 0x5e4467a0c370 (13 bytes)
1780487889.854763 sending message 112 to peer 0x5e4467a0c370 (13 bytes)
1780487889.854764 sending message 112 to peer 0x5e4467a0c370 (13 bytes)
1780487889.854766 sending message 112 to peer 0x5e4467a0c370 (13 bytes)
1780487889.854767 sending message 112 to peer 0x5e4467a0c370 (12 bytes)
1780487889.854769 sending message 112 to peer 0x5e4467a0c370 (10 bytes)
1780487889.854770 sending message 112 to peer 0x5e4467a0c370 (12 bytes)
1780487889.854772 sending message 112 to peer 0x5e4467a0c370 (12 bytes)
1780487889.854774 sending message 112 to peer 0x5e4467a0c370 (12 bytes)
1780487889.854775 sending message 112 to peer 0x5e4467a0c370 (13 bytes)
1780487889.854777 sending message 112 to peer 0x5e4467a0c370 (13 bytes)
1780487889.854778 sending message 112 to peer 0x5e4467a0c370 (13 bytes)
1780487889.854780 sending message 112 to peer 0x5e4467a0c370 (13 bytes)
1780487889.854781 sending message 112 to peer 0x5e4467a0c370 (13 bytes)
1780487889.854783 sending message 112 to peer 0x5e4467a0c370 (13 bytes)
1780487889.854785 sending message 112 to peer 0x5e4467a0c370 (13 bytes)
1780487889.854786 sending message 112 to peer 0x5e4467a0c370 (10 bytes)
1780487889.854788 sending message 112 to peer 0x5e4467a0c370 (13 bytes)
1780487889.854789 sending message 112 to peer 0x5e4467a0c370 (12 bytes)
1780487889.854791 sending message 112 to peer 0x5e4467a0c370 (12 bytes)
1780487889.854792 sending message 112 to peer 0x5e4467a0c370 (12 bytes)
1780487889.854794 sending message 112 to peer 0x5e4467a0c370 (10 bytes)
1780487889.854795 sending message 112 to peer 0x5e4467a0c370 (10 bytes)
1780487889.854797 sending message 112 to peer 0x5e4467a0c370 (10 bytes)
1780487889.854798 sending message 112 to peer 0x5e4467a0c370 (12 bytes)
1780487889.854800 sending message 112 to peer 0x5e4467a0c370 (13 bytes)
1780487889.854802 sending message 112 to peer 0x5e4467a0c370 (13 bytes)
1780487889.854803 sending message 112 to peer 0x5e4467a0c370 (13 bytes)
1780487889.854805 sending message 112 to peer 0x5e4467a0c370 (13 bytes)
1780487889.854806 sending message 112 to peer 0x5e4467a0c370 (13 bytes)
1780487889.854808 sending message 112 to peer 0x5e4467a0c370 (10 bytes)
1780487889.854810 sending message 112 to peer 0x5e4467a0c370 (11 bytes)
1780487889.854811 sending message 112 to peer 0x5e4467a0c370 (12 bytes)
1780487889.854813 sending message 112 to peer 0x5e4467a0c370 (12 bytes)
1780487889.854815 sending message 112 to peer 0x5e4467a0c370 (12 bytes)
1780487889.854816 sending message 112 to peer 0x5e4467a0c370 (12 bytes)
1780487889.854818 sending message 112 to peer 0x5e4467a0c370 (12 bytes)
1780487889.854819 sending message 112 to peer 0x5e4467a0c370 (11 bytes)
1780487889.854821 sending message 112 to peer 0x5e4467a0c370 (12 bytes)
1780487889.854823 sending message 112 to peer 0x5e4467a0c370 (12 bytes)
1780487889.854824 sending message 112 to peer 0x5e4467a0c370 (13 bytes)
1780487889.854826 sending message 112 to peer 0x5e4467a0c370 (13 bytes)
1780487889.854827 sending message 112 to peer 0x5e4467a0c370 (13 bytes)
1780487889.854829 sending message 112 to peer 0x5e4467a0c370 (13 bytes)
1780487889.854848 sending message 112 to peer 0x5e4467a0c370 (13 bytes)
1780487889.854850 sending message 112 to peer 0x5e4467a0c370 (10 bytes)
1780487889.854851 sending message 112 to peer 0x5e4467a0c370 (9 bytes)
1780487889.854853 sending message 112 to peer 0x5e4467a0c370 (12 bytes)
1780487889.854854 sending message 112 to peer 0x5e4467a0c370 (13 bytes)
1780487889.854873 sending message 112 to peer 0x5e4467a0c370 (13 bytes)
1780487889.854875 sending message 112 to peer 0x5e4467a0c370 (13 bytes)
1780487889.854877 sending message 112 to peer 0x5e4467a0c370 (13 bytes)
1780487889.854878 sending message 112 to peer 0x5e4467a0c370 (13 bytes)
1780487889.854880 sending message 112 to peer 0x5e4467a0c370 (9 bytes)
1780487889.854905 sending message 112 to peer 0x5e4467a0c370 (12 bytes)
1780487889.854906 sending message 112 to peer 0x5e4467a0c370 (13 bytes)
1780487889.854908 sending message 112 to peer 0x5e4467a0c370 (13 bytes)
1780487889.854928 sending message 112 to peer 0x5e4467a0c370 (13 bytes)
1780487889.854930 sending message 112 to peer 0x5e4467a0c370 (13 bytes)
1780487889.854932 sending message 112 to peer 0x5e4467a0c370 (13 bytes)
1780487889.854933 sending message 112 to peer 0x5e4467a0c370 (11 bytes)
1780487889.854935 sending message 112 to peer 0x5e4467a0c370 (12 bytes)
1780487889.854936 sending message 112 to peer 0x5e4467a0c370 (13 bytes)
1780487889.854938 sending message 112 to peer 0x5e4467a0c370 (13 bytes)
1780487889.854959 sending message 112 to peer 0x5e4467a0c370 (13 bytes)
1780487889.854960 sending message 112 to peer 0x5e4467a0c370 (13 bytes)
1780487889.854962 sending message 112 to peer 0x5e4467a0c370 (13 bytes)
1780487889.854964 sending message 112 to peer 0x5e4467a0c370 (11 bytes)
1780487889.854965 sending message 112 to peer 0x5e4467a0c370 (12 bytes)
1780487889.854967 sending message 112 to peer 0x5e4467a0c370 (12 bytes)
1780487889.854985 sending message 112 to peer 0x5e4467a0c370 (12 bytes)
1780487889.854986 sending message 112 to peer 0x5e4467a0c370 (12 bytes)
1780487889.854988 sending message 112 to peer 0x5e4467a0c370 (12 bytes)
1780487889.854990 sending message 112 to peer 0x5e4467a0c370 (21 bytes)
1780487889.854991 sending message 112 to peer 0x5e4467a0c370 (12 bytes)
1780487889.854993 sending message 112 to peer 0x5e4467a0c370 (9 bytes)
1780487889.854994 sending message 112 to peer 0x5e4467a0c370 (6 bytes)
1780487889.854996 sending message 112 to peer 0x5e4467a0c370 (13 bytes)
1780487889.854998 sending message 112 to peer 0x5e4467a0c370 (10 bytes)
1780487889.854999 sending message 112 to peer 0x5e4467a0c370 (24 bytes)
1780487889.855001 sending message 112 to peer 0x5e4467a0c370 (13 bytes)
1780487889.855003 sending message 112 to peer 0x5e4467a0c370 (9 bytes)
1780487889.855004 sending message 112 to peer 0x5e4467a0c370 (70 bytes)
1780487889.855006 sending message 112 to peer 0x5e4467a0c370 (69 bytes)
1780487889.855007 sending message 112 to peer 0x5e4467a0c370 (12 bytes)
1780487889.855009 sending message 112 to peer 0x5e4467a0c370 (10 bytes)
1780487889.855010 sending message 112 to peer 0x5e4467a0c370 (10 bytes)
1780487889.855012 sending message 112 to peer 0x5e4467a0c370 (24 bytes)
1780487889.855013 sending message 112 to peer 0x5e4467a0c370 (13 bytes)
1780487889.855015 sending message 112 to peer 0x5e4467a0c370 (10 bytes)
1780487889.855017 sending message 112 to peer 0x5e4467a0c370 (10 bytes)
1780487889.855019 sending message 112 to peer 0x5e4467a0c370 (10 bytes)
1780487889.855020 sending message 112 to peer 0x5e4467a0c370 (13 bytes)
1780487889.855022 sending message 112 to peer 0x5e4467a0c370 (15 bytes)
1780487889.855023 sending message 112 to peer 0x5e4467a0c370 (5 bytes)
1780487889.855025 sending message 104 to peer 0x5e4467a0c370 (0 bytes)
1780487889.855027 sending message 110 to peer 0x5e4467a0c370 (0 bytes)
1780487889.855029 sending message 107 to peer 0x5e4467a0c370 (4 bytes)
1780487889.855031 sending message 105 to peer 0x5e4467a0c370 (17 bytes)
1780487889.855033 sending message 105 to peer 0x5e4467a0c370 (23 bytes)
1780487889.855034 sending message 105 to peer 0x5e4467a0c370 (30 bytes)
1780487889.855036 sending message 105 to peer 0x5e4467a0c370 (27 bytes)
1780487889.855037 sending message 105 to peer 0x5e4467a0c370 (24 bytes)
1780487889.855039 sending message 105 to peer 0x5e4467a0c370 (20 bytes)
1780487889.855041 sending message 105 to peer 0x5e4467a0c370 (23 bytes)
1780487889.855042 sending message 105 to peer 0x5e4467a0c370 (21 bytes)
1780487889.855044 sending message 105 to peer 0x5e4467a0c370 (25 bytes)
1780487889.855045 sending message 105 to peer 0x5e4467a0c370 (20 bytes)
1780487889.855047 sending message 105 to peer 0x5e4467a0c370 (21 bytes)
1780487889.855049 sending message 105 to peer 0x5e4467a0c370 (9 bytes)
1780487889.855050 sending message 105 to peer 0x5e4467a0c370 (12 bytes)
1780487889.855056 sending message 105 to peer 0x5e4467a0c370 (15 bytes)
1780487889.855058 sending message 105 to peer 0x5e4467a0c370 (240 bytes)
1780487889.855060 sending message 105 to peer 0x5e4467a0c370 (19 bytes)
1780487889.855062 sending message 105 to peer 0x5e4467a0c370 (20 bytes)
1780487889.855063 sending message 105 to peer 0x5e4467a0c370 (19 bytes)
1780487889.855065 sending message 105 to peer 0x5e4467a0c370 (31 bytes)
1780487889.855066 sending message 105 to peer 0x5e4467a0c370 (54 bytes)
1780487889.855068 sending message 105 to peer 0x5e4467a0c370 (21 bytes)
1780487889.855070 sending message 105 to peer 0x5e4467a0c370 (23 bytes)
1780487889.855071 sending message 105 to peer 0x5e4467a0c370 (18 bytes)
1780487889.855073 sending message 105 to peer 0x5e4467a0c370 (13 bytes)
1780487889.855074 sending message 105 to peer 0x5e4467a0c370 (35 bytes)
1780487889.855076 sending message 105 to peer 0x5e4467a0c370 (55 bytes)
1780487889.855078 sending message 105 to peer 0x5e4467a0c370 (19 bytes)
1780487889.855079 sending message 105 to peer 0x5e4467a0c370 (8 bytes)
1780487889.855081 sending message 105 to peer 0x5e4467a0c370 (33 bytes)
1780487889.855082 sending message 105 to peer 0x5e4467a0c370 (30 bytes)
1780487889.855084 sending message 105 to peer 0x5e4467a0c370 (25 bytes)
1780487889.855086 sending message 105 to peer 0x5e4467a0c370 (11 bytes)
1780487889.855088 sending message 105 to peer 0x5e4467a0c370 (8 bytes)
1780487889.855089 sending message 105 to peer 0x5e4467a0c370 (32 bytes)
1780487889.855091 sending message 105 to peer 0x5e4467a0c370 (1817 bytes)
1780487889.855098 sending message 105 to peer 0x5e4467a0c370 (12 bytes)
1780487889.855101 sending message 105 to peer 0x5e4467a0c370 (39 bytes)
1780487889.855102 sending message 105 to peer 0x5e4467a0c370 (49 bytes)
1780487889.855104 sending message 105 to peer 0x5e4467a0c370 (21 bytes)
1780487889.855105 sending message 105 to peer 0x5e4467a0c370 (16 bytes)
1780487889.855107 sending message 106 to peer 0x5e4467a0c370 (0 bytes)
1780487889.855131 cmd_pack_argv: argv[0]=a
1780487889.855134 sending message 200 to peer 0x5e4467a0c370 (6 bytes)
1780487889.855136 client loop enter
1780487889.857093 peer 0x5e4467a0c370 message 207
1780487889.857116 sending message 208 to peer 0x5e4467a0c370 (0 bytes)
1780487889.905238 client_signal: Window changed
1780487889.905257 sending message 208 to peer 0x5e4467a0c370 (0 bytes)
1780491723.102645 client_signal: Hangup
1780491723.102718 sending message 205 to peer 0x5e4467a0c370 (0 bytes)
1780491723.103226 client loop exit
